2017-04-08 09:50:16.507 INFO  default    datomic.slf4j.bridge - SLF4J Bridge installed
2017-04-08 09:50:16.526 INFO  default    org.eclipse.jetty.util.log - Logging initialized @874ms
2017-04-08 09:50:17.768 INFO  default    org.eclipse.jetty.server.Server - jetty-9.3.7.v20160115
2017-04-08 09:50:17.819 INFO  default    o.e.j.w.StandardDescriptorProcessor - NO JSP Support for /, did not find org.eclipse.jetty.jsp.JettyJspServlet
2017-04-08 09:50:17.834 INFO  default    o.e.j.server.handler.ContextHandler - Started o.e.j.w.WebAppContext@7a45d714{/,jar:file:/home/user/opt/datomic-pro-0.9.5561/lib/console/vaadin-client-compiled-7.1.10.jar!/VAADIN/,AVAILABLE}
2017-04-08 09:50:17.858 INFO  default    o.e.jetty.server.ServerConnector - Started ServerConnector@3456558{HTTP/1.1,[http/1.1]}{0.0.0.0:8081}
2017-04-08 09:50:17.858 INFO  default    org.eclipse.jetty.server.Server - Started @2206ms
2017-04-08 09:50:35.155 INFO  default    datomic.kv-cluster - {:event :kv-cluster/get-pod, :pod-key "pod-catalog", :phase :begin, :pid 26699, :tid 26}
2017-04-08 09:50:35.248 INFO  default    datomic.kv-cluster - {:event :kv-cluster/get-pod, :pod-key "pod-catalog", :msec 89.9, :phase :end, :pid 26699, :tid 26}
2017-04-08 09:50:39.340 INFO  default    datomic.process-monitor - {:event :metrics/initializing, :metricsCallback clojure.core/identity, :phase :begin, :pid 26699, :tid 12}
2017-04-08 09:50:39.341 INFO  default    datomic.process-monitor - {:event :metrics/initializing, :metricsCallback clojure.core/identity, :msec 0.45, :phase :end, :pid 26699, :tid 12}
2017-04-08 09:50:39.341 INFO  default    datomic.process-monitor - {:metrics/started clojure.core/identity, :pid 26699, :tid 12}
2017-04-08 09:50:39.343 INFO  default    datomic.process-monitor - {:PodGetMsec {:lo 89, :hi 89, :sum 89, :count 1}, :AvailableMB 886.0, :event :metrics, :pid 26699, :tid 26}
2017-04-08 09:50:39.346 INFO  default    datomic.kv-cluster - {:event :kv-cluster/get-pod, :pod-key "pod-catalog", :phase :begin, :pid 26699, :tid 26}
2017-04-08 09:50:39.347 INFO  default    datomic.kv-cluster - {:event :kv-cluster/get-pod, :pod-key "pod-catalog", :msec 0.954, :phase :end, :pid 26699, :tid 26}
2017-04-08 09:50:39.349 INFO  default    datomic.domain - {:event :cache/create, :cache-bytes 501481472, :pid 26699, :tid 12}
2017-04-08 09:50:39.359 INFO  default    datomic.peer - {:event :peer/connect-transactor, :host "localhost", :alt-host nil, :port 4334, :version "0.9.5544", :pid 26699, :tid 12}
2017-04-08 09:50:39.729 INFO  default    datomic.kv-cluster - {:event :kv-cluster/get-pod, :pod-key "pod-log-tail/firstdb-7e1cb7ea-9852-460f-aeb9-1a7b6edfcc90", :phase :begin, :pid 26699, :tid 26}
2017-04-08 09:50:39.730 INFO  default    datomic.kv-cluster - {:event :kv-cluster/get-pod, :pod-key "pod-log-tail/firstdb-7e1cb7ea-9852-460f-aeb9-1a7b6edfcc90", :msec 0.987, :phase :end, :pid 26699, :tid 26}
2017-04-08 09:50:39.939 INFO  default    datomic.log - {:event :log/catchup-fulltext, :phase :begin, :pid 26699, :tid 12}
2017-04-08 09:50:39.941 INFO  default    datomic.log - {:event :log/catchup-fulltext, :msec 2.03, :phase :end, :pid 26699, :tid 12}
2017-04-08 09:50:39.941 INFO  default    datomic.log - {:event :log/catchup, :bytes 0, :tail-t 57854, :index-t 57854, :msec 92, :pid 26699, :tid 12}
2017-04-08 09:50:39.952 INFO  default    datomic.kv-cluster - {:event :kv-cluster/get-pod, :pod-key "pod-log-tail/firstdb-7e1cb7ea-9852-460f-aeb9-1a7b6edfcc90", :phase :begin, :pid 26699, :tid 67}
2017-04-08 09:50:39.953 INFO  default    datomic.kv-cluster - {:event :kv-cluster/get-pod, :pod-key "pod-log-tail/firstdb-7e1cb7ea-9852-460f-aeb9-1a7b6edfcc90", :msec 0.814, :phase :end, :pid 26699, :tid 67}
2017-04-08 09:50:39.962 INFO  default    datomic.log - {:event :log/catchup-fulltext, :phase :begin, :pid 26699, :tid 12}
2017-04-08 09:50:39.962 INFO  default    datomic.log - {:event :log/catchup-fulltext, :msec 0.0773, :phase :end, :pid 26699, :tid 12}
2017-04-08 09:50:39.963 INFO  default    datomic.log - {:event :log/catchup, :bytes 0, :tail-t 57854, :index-t 57854, :msec 0, :pid 26699, :tid 12}
2017-04-08 09:50:39.970 INFO  default    datomic.peer - {:event :peer/cache-connection, :protocol :dev, :db-name "firstdb", :system-root "localhost:4334", :host "localhost", :port 4334, :db-id "firstdb-7e1cb7ea-9852-460f-aeb9-1a7b6edfcc90", :pid 26699, :tid 12}
2017-04-08 09:50:40.072 INFO  default    datomic.kv-cluster - {:event :kv-cluster/get-pod, :pod-key "pod-log-tail/firstdb-7e1cb7ea-9852-460f-aeb9-1a7b6edfcc90", :phase :begin, :pid 26699, :tid 26}
2017-04-08 09:50:40.073 INFO  default    datomic.kv-cluster - {:event :kv-cluster/get-pod, :pod-key "pod-log-tail/firstdb-7e1cb7ea-9852-460f-aeb9-1a7b6edfcc90", :msec 0.785, :phase :end, :pid 26699, :tid 26}
